No CuPy installation found, continuing without GPU acceleration.

Printing data for the case:
ipath_noiseless
../data/SK/SWAP-network/6/spatial/010010100111110
ipath_noise
../data/SK/SWAP-network/6/temporal/010010100111110
-  -  ------------------------------------------------  -------------  --------------
n  d  error_locs_fn                                     noise_aware_p  noise_aware_ep
6  3  <function error_locs_temporal at 0x7ffdcf55cb80>  0.001          1
-  -  ------------------------------------------------  -------------  --------------
result:
------------------  ------------------  ------------------  ----------------------  -------------------  ----------------------
noiseless_cost      av                  noise_aware_cost    dif                     extrap_cost
-6.103165615244241  0.2299219449045248  -6.065267918404601  6.3330875601487655      -6.0651670898833485
dARdp               extrap_AR           noise_aware_AR      rel_error_with_aware    noise_unaware_AR     rel_error_with_unaware
-5.428360765841799  0.866452441411907   0.8664668454863715  0.0016623918779521364%  0.866466650911598    0.001639936133265882%
------------------  ------------------  ------------------  ----------------------  -------------------  ----------------------


Printing data for the case:
ipath_noiseless
../data/SK/SWAP-network/6/spatial/010010100111110
ipath_noise
../data/SK/SWAP-network/6/spatial/010010100111110
-  -  -----------------------------------------------  -------------  --------------
n  d  error_locs_fn                                    noise_aware_p  noise_aware_ep
6  3  <function error_locs_spatial at 0x7ffdcf55caf0>  0.001          1
-  -  -----------------------------------------------  -------------  --------------
result:
-------------------  ------------------  ------------------  ---------------------  -----------------  ----------------------
noiseless_cost       av                  noise_aware_cost    dif                    extrap_cost
-6.103165615244241   0.9816976760172409  -5.956538908096459  7.084863291261482      -5.95438348612775
dARdp                extrap_AR           noise_aware_AR      rel_error_with_aware   noise_unaware_AR   rel_error_with_unaware
-21.254589873784447  0.8506262123039643  0.8509341297280655  0.036185811961683946%  0.850879818035289  0.029805117708667422%
-------------------  ------------------  ------------------  ---------------------  -----------------  ----------------------


Printing data for the case:
ipath_noiseless
../data/SK/SWAP-network/6/spatial/010010100111110
ipath_noise
../data/SK/SWAP-network/6/spatial/010010100111110
-  -  ---------------------------------------------  -------------  --------------
n  d  error_locs_fn                                  noise_aware_p  noise_aware_ep
6  3  <function error_locs_uncor at 0x7ffdcf55ca60>  0.001          0
-  -  ---------------------------------------------  -------------  --------------
result:
------------------  -------------------  ------------------  --------------------  ------------------  ----------------------
noiseless_cost      av                   noise_aware_cost    dif                   extrap_cost
-6.103165615244241  -3.1780241877559843  -5.795874970455645  2.925141427488257     -5.787250341075509
dARdp               extrap_AR            noise_aware_AR      rel_error_with_aware  noise_unaware_AR    rel_error_with_unaware
-45.13075345267596  0.8267500487250729   0.8279821386365207  0.1488063394068859%   0.8278326153253327  0.13077119458918726%
------------------  -------------------  ------------------  --------------------  ------------------  ----------------------


Printing data for the case:
ipath_noiseless
../data/SK/SWAP-network/6/spatial/010010100111110
ipath_noise
../data/SK/SWAP-network/6/temporal/010010100111110
-  -  ------------------------------------------------  -------------  --------------
n  d  error_locs_fn                                     noise_aware_p  noise_aware_ep
6  3  <function error_locs_temporal at 0x7ffdcf55cb80>  0.01           1
-  -  ------------------------------------------------  -------------  --------------
result:
------------------  ------------------  ------------------  --------------------  ------------------  ----------------------
noiseless_cost      av                  noise_aware_cost    dif                   extrap_cost
-6.103165615244241  0.2299219449045248  -5.733138501366993  6.3330875601487655    -5.723180361635315
dARdp               extrap_AR           noise_aware_AR      rel_error_with_aware  noise_unaware_AR    rel_error_with_unaware
-5.428360765841799  0.8175971945193308  0.8190197859095704  0.17369438623020794%  0.8190009705047692  0.1714010161151841%
------------------  ------------------  ------------------  --------------------  ------------------  ----------------------


Printing data for the case:
ipath_noiseless
../data/SK/SWAP-network/6/spatial/010010100111110
ipath_noise
../data/SK/SWAP-network/6/spatial/010010100111110
-  -  -----------------------------------------------  -------------  --------------
n  d  error_locs_fn                                    noise_aware_p  noise_aware_ep
6  3  <function error_locs_spatial at 0x7ffdcf55caf0>  0.01           1
-  -  -----------------------------------------------  -------------  --------------
result:
-------------------  ------------------  ------------------  --------------------  ------------------  ----------------------
noiseless_cost       av                  noise_aware_cost    dif                   extrap_cost
-6.103165615244241   0.9816976760172409  -4.812048051112132  7.084863291261482     -4.61534432407933
dARdp                extrap_AR           noise_aware_AR      rel_error_with_aware  noise_unaware_AR    rel_error_with_unaware
-21.254589873784447  0.6593349034399043  0.6874354358731617  4.0877340571722%      0.6829967473356221  3.464415312082072%
-------------------  ------------------  ------------------  --------------------  ------------------  ----------------------


Printing data for the case:
ipath_noiseless
../data/SK/SWAP-network/6/spatial/010010100111110
ipath_noise
../data/SK/SWAP-network/6/spatial/010010100111110
-  -  ---------------------------------------------  -------------  --------------
n  d  error_locs_fn                                  noise_aware_p  noise_aware_ep
6  3  <function error_locs_uncor at 0x7ffdcf55ca60>  0.01           0
-  -  ---------------------------------------------  -------------  --------------
result:
------------------  -------------------  ------------------  --------------------  -------------------  ----------------------
noiseless_cost      av                   noise_aware_cost    dif                   extrap_cost
-6.103165615244241  -3.1780241877559843  -4.128672030196949  2.925141427488257     -2.9440128735569235
dARdp               extrap_AR            noise_aware_AR      rel_error_with_aware  noise_unaware_AR     rel_error_with_unaware
-45.13075345267596  0.4205732676509891   0.5898102900281356  28.693467245048126%   0.5159400669794516   18.484084767206237%
------------------  -------------------  ------------------  --------------------  -------------------  ----------------------

